[ 2017-05-19T22:38:25+08:00 ] ::1 /yxy/index.php/Home/UserInfo/releaserent.html
INFO: [ app_init ] --START--
INFO: Run Behavior\BuildLiteBehavior [ RunTime:0.000015s ]
INFO: [ app_init ] --END-- [ RunTime:0.000459s ]
INFO: [ app_begin ] --START--
INFO: Run Behavior\ReadHtmlCacheBehavior [ RunTime:0.000804s ]
INFO: [ app_begin ] --END-- [ RunTime:0.000876s ]
INFO: [ view_parse ] --START--
INFO: [ template_filter ] --START--
INFO: Run Behavior\ContentReplaceBehavior [ RunTime:0.000086s ]
INFO: [ template_filter ] --END-- [ RunTime:0.000138s ]
INFO: Run Behavior\ParseTemplateBehavior [ RunTime:0.012927s ]
INFO: [ view_parse ] --END-- [ RunTime:0.012986s ]
INFO: [ view_filter ] --START--
INFO: Run Behavior\WriteHtmlCacheBehavior [ RunTime:0.000801s ]
INFO: [ view_filter ] --END-- [ RunTime:0.000836s ]
INFO: [ app_end ] --START--
INFO: Run Behavior\ShowPageTraceBehavior [ RunTime:0.001196s ]
INFO: [ app_end ] --END-- [ RunTime:0.001260s ]

[ 2017-05-19T22:38:28+08:00 ] ::1 /yxy/index.php/Home/Index/index.html
INFO: [ app_init ] --START--
INFO: Run Behavior\BuildLiteBehavior [ RunTime:0.000013s ]
INFO: [ app_init ] --END-- [ RunTime:0.000417s ]
INFO: [ app_begin ] --START--
INFO: Run Behavior\ReadHtmlCacheBehavior [ RunTime:0.000559s ]
INFO: [ app_begin ] --END-- [ RunTime:0.000602s ]
SQL: SHOW COLUMNS FROM `estate` [ RunTime:0.0158s ]
SQL: SELECT * FROM `estate` ORDER BY time desc LIMIT 10   [ RunTime:0.0007s ]
SQL: SHOW COLUMNS FROM `second` [ RunTime:0.0086s ]
SQL: SELECT s.type,s.price,s.area,s.name FROM second s LIMIT 10   [ RunTime:0.0005s ]
SQL: SHOW COLUMNS FROM `renting` [ RunTime:0.0097s ]
SQL: SELECT `price`,`type`,`area`,`name` FROM `renting` LIMIT 6   [ RunTime:0.0004s ]
INFO: [ view_parse ] --START--
INFO: [ template_filter ] --START--
INFO: Run Behavior\ContentReplaceBehavior [ RunTime:0.000158s ]
INFO: [ template_filter ] --END-- [ RunTime:0.000262s ]
INFO: Run Behavior\ParseTemplateBehavior [ RunTime:0.029740s ]
INFO: [ view_parse ] --END-- [ RunTime:0.029862s ]
INFO: [ view_filter ] --START--
INFO: Run Behavior\WriteHtmlCacheBehavior [ RunTime:0.001582s ]
INFO: [ view_filter ] --END-- [ RunTime:0.001650s ]
INFO: [ app_end ] --START--
INFO: Run Behavior\ShowPageTraceBehavior [ RunTime:0.002883s ]
INFO: [ app_end ] --END-- [ RunTime:0.003177s ]

[ 2017-05-19T22:38:30+08:00 ] ::1 /yxy/index.php/Home/Account/login.html
INFO: [ app_init ] --START--
INFO: Run Behavior\BuildLiteBehavior [ RunTime:0.000014s ]
INFO: [ app_init ] --END-- [ RunTime:0.000424s ]
INFO: [ app_begin ] --START--
INFO: Run Behavior\ReadHtmlCacheBehavior [ RunTime:0.000574s ]
INFO: [ app_begin ] --END-- [ RunTime:0.000617s ]
INFO: [ view_parse ] --START--
INFO: [ template_filter ] --START--
INFO: Run Behavior\ContentReplaceBehavior [ RunTime:0.000046s ]
INFO: [ template_filter ] --END-- [ RunTime:0.000085s ]
INFO: Run Behavior\ParseTemplateBehavior [ RunTime:0.034455s ]
INFO: [ view_parse ] --END-- [ RunTime:0.034509s ]
INFO: [ view_filter ] --START--
INFO: Run Behavior\WriteHtmlCacheBehavior [ RunTime:0.000765s ]
INFO: [ view_filter ] --END-- [ RunTime:0.000800s ]
INFO: [ app_end ] --START--
INFO: Run Behavior\ShowPageTraceBehavior [ RunTime:0.000885s ]
INFO: [ app_end ] --END-- [ RunTime:0.000920s ]

[ 2017-05-19T22:38:30+08:00 ] ::1 /yxy/index.php/Home/Account/verifyImg.html
INFO: [ app_init ] --START--
INFO: Run Behavior\BuildLiteBehavior [ RunTime:0.000048s ]
INFO: [ app_init ] --END-- [ RunTime:0.001129s ]
INFO: [ app_begin ] --START--
INFO: Run Behavior\ReadHtmlCacheBehavior [ RunTime:0.000870s ]
INFO: [ app_begin ] --END-- [ RunTime:0.000949s ]
NOTIC: [8] Use of undefined constant fontSize - assumed 'fontSize' D:\www\yxy\Home\Controller\AccountController.class.php 第 108 行.
NOTIC: [8] Use of undefined constant imageH - assumed 'imageH' D:\www\yxy\Home\Controller\AccountController.class.php 第 109 行.
NOTIC: [8] Use of undefined constant imageW - assumed 'imageW' D:\www\yxy\Home\Controller\AccountController.class.php 第 110 行.
NOTIC: [8] Use of undefined constant useCurve - assumed 'useCurve' D:\www\yxy\Home\Controller\AccountController.class.php 第 111 行.
NOTIC: [8] Use of undefined constant useNoise - assumed 'useNoise' D:\www\yxy\Home\Controller\AccountController.class.php 第 112 行.
NOTIC: [8] Use of undefined constant fontttf - assumed 'fontttf' D:\www\yxy\Home\Controller\AccountController.class.php 第 113 行.
NOTIC: [8] Use of undefined constant length - assumed 'length' D:\www\yxy\Home\Controller\AccountController.class.php 第 114 行.
INFO: [ app_end ] --START--
INFO: Run Behavior\ShowPageTraceBehavior [ RunTime:0.000960s ]
INFO: [ app_end ] --END-- [ RunTime:0.001009s ]

[ 2017-05-19T22:38:36+08:00 ] ::1 /yxy/index.php/Home/Account/login.html
INFO: [ app_init ] --START--
INFO: Run Behavior\BuildLiteBehavior [ RunTime:0.000035s ]
INFO: [ app_init ] --END-- [ RunTime:0.000777s ]
INFO: [ app_begin ] --START--
INFO: Run Behavior\ReadHtmlCacheBehavior [ RunTime:0.000779s ]
INFO: [ app_begin ] --END-- [ RunTime:0.000845s ]
SQL: select uid from user where username='yxy' limit 1 [ RunTime:0.0005s ]
SQL: select * from user where
    					username = 'yxy' and password='123456' limit 1 [ RunTime:0.0006s ]
INFO: [ view_parse ] --START--
INFO: [ template_filter ] --START--
INFO: Run Behavior\ContentReplaceBehavior [ RunTime:0.000088s ]
INFO: [ template_filter ] --END-- [ RunTime:0.000192s ]
INFO: Run Behavior\ParseTemplateBehavior [ RunTime:0.023601s ]
INFO: [ view_parse ] --END-- [ RunTime:0.023714s ]
INFO: [ view_filter ] --START--
INFO: Run Behavior\WriteHtmlCacheBehavior [ RunTime:0.001729s ]
INFO: [ view_filter ] --END-- [ RunTime:0.001810s ]
INFO: [ app_end ] --START--
INFO: Run Behavior\ShowPageTraceBehavior [ RunTime:0.002533s ]
INFO: [ app_end ] --END-- [ RunTime:0.002652s ]

[ 2017-05-19T22:38:38+08:00 ] ::1 /yxy/index.php/Home/Index/index.html
INFO: [ app_init ] --START--
INFO: Run Behavior\BuildLiteBehavior [ RunTime:0.000020s ]
INFO: [ app_init ] --END-- [ RunTime:0.000787s ]
INFO: [ app_begin ] --START--
INFO: Run Behavior\ReadHtmlCacheBehavior [ RunTime:0.000837s ]
INFO: [ app_begin ] --END-- [ RunTime:0.000918s ]
SQL: SHOW COLUMNS FROM `estate` [ RunTime:0.0124s ]
SQL: SELECT * FROM `estate` ORDER BY time desc LIMIT 10   [ RunTime:0.0006s ]
SQL: SHOW COLUMNS FROM `second` [ RunTime:0.0088s ]
SQL: SELECT s.type,s.price,s.area,s.name FROM second s LIMIT 10   [ RunTime:0.0005s ]
SQL: SHOW COLUMNS FROM `renting` [ RunTime:0.0054s ]
SQL: SELECT `price`,`type`,`area`,`name` FROM `renting` LIMIT 6   [ RunTime:0.0002s ]
INFO: [ view_parse ] --START--
INFO: [ template_filter ] --START--
INFO: Run Behavior\ContentReplaceBehavior [ RunTime:0.000068s ]
INFO: [ template_filter ] --END-- [ RunTime:0.000106s ]
INFO: Run Behavior\ParseTemplateBehavior [ RunTime:0.011100s ]
INFO: [ view_parse ] --END-- [ RunTime:0.011152s ]
INFO: [ view_filter ] --START--
INFO: Run Behavior\WriteHtmlCacheBehavior [ RunTime:0.000654s ]
INFO: [ view_filter ] --END-- [ RunTime:0.000683s ]
INFO: [ app_end ] --START--
INFO: Run Behavior\ShowPageTraceBehavior [ RunTime:0.000978s ]
INFO: [ app_end ] --END-- [ RunTime:0.001034s ]

[ 2017-05-19T22:38:42+08:00 ] ::1 /yxy/index.php/Home/UserInfo/released.html
INFO: [ app_init ] --START--
INFO: Run Behavior\BuildLiteBehavior [ RunTime:0.000014s ]
INFO: [ app_init ] --END-- [ RunTime:0.000431s ]
INFO: [ app_begin ] --START--
INFO: Run Behavior\ReadHtmlCacheBehavior [ RunTime:0.000620s ]
INFO: [ app_begin ] --END-- [ RunTime:0.000681s ]
SQL: SHOW COLUMNS FROM `renting` [ RunTime:0.0189s ]
SQL: SELECT * FROM `renting` WHERE ( uid=1008 ) LIMIT 10   [ RunTime:0.0008s ]
INFO: [ view_parse ] --START--
INFO: [ template_filter ] --START--
INFO: Run Behavior\ContentReplaceBehavior [ RunTime:0.000098s ]
INFO: [ template_filter ] --END-- [ RunTime:0.000169s ]
INFO: Run Behavior\ParseTemplateBehavior [ RunTime:0.029988s ]
INFO: [ view_parse ] --END-- [ RunTime:0.030096s ]
INFO: [ view_filter ] --START--
INFO: Run Behavior\WriteHtmlCacheBehavior [ RunTime:0.000847s ]
INFO: [ view_filter ] --END-- [ RunTime:0.000882s ]
INFO: [ app_end ] --START--
INFO: Run Behavior\ShowPageTraceBehavior [ RunTime:0.001019s ]
INFO: [ app_end ] --END-- [ RunTime:0.001056s ]

[ 2017-05-19T22:38:44+08:00 ] ::1 /yxy/index.php/Home/UserInfo/ReleaseSale.html
INFO: [ app_init ] --START--
INFO: Run Behavior\BuildLiteBehavior [ RunTime:0.000020s ]
INFO: [ app_init ] --END-- [ RunTime:0.000469s ]
INFO: [ app_begin ] --START--
INFO: Run Behavior\ReadHtmlCacheBehavior [ RunTime:0.000591s ]
INFO: [ app_begin ] --END-- [ RunTime:0.000635s ]
INFO: [ view_parse ] --START--
INFO: [ template_filter ] --START--
INFO: Run Behavior\ContentReplaceBehavior [ RunTime:0.000107s ]
INFO: [ template_filter ] --END-- [ RunTime:0.000163s ]
INFO: Run Behavior\ParseTemplateBehavior [ RunTime:0.011671s ]
INFO: [ view_parse ] --END-- [ RunTime:0.011718s ]
INFO: [ view_filter ] --START--
INFO: Run Behavior\WriteHtmlCacheBehavior [ RunTime:0.000766s ]
INFO: [ view_filter ] --END-- [ RunTime:0.000802s ]
INFO: [ app_end ] --START--
INFO: Run Behavior\ShowPageTraceBehavior [ RunTime:0.001280s ]
INFO: [ app_end ] --END-- [ RunTime:0.001346s ]

[ 2017-05-19T22:38:48+08:00 ] ::1 /yxy/index.php/Home/UserInfo/ReleaseRent.html
INFO: [ app_init ] --START--
INFO: Run Behavior\BuildLiteBehavior [ RunTime:0.000011s ]
INFO: [ app_init ] --END-- [ RunTime:0.000354s ]
INFO: [ app_begin ] --START--
INFO: Run Behavior\ReadHtmlCacheBehavior [ RunTime:0.001137s ]
INFO: [ app_begin ] --END-- [ RunTime:0.001198s ]
INFO: [ view_parse ] --START--
INFO: [ template_filter ] --START--
INFO: Run Behavior\ContentReplaceBehavior [ RunTime:0.000066s ]
INFO: [ template_filter ] --END-- [ RunTime:0.000111s ]
INFO: Run Behavior\ParseTemplateBehavior [ RunTime:0.009927s ]
INFO: [ view_parse ] --END-- [ RunTime:0.009972s ]
INFO: [ view_filter ] --START--
INFO: Run Behavior\WriteHtmlCacheBehavior [ RunTime:0.000656s ]
INFO: [ view_filter ] --END-- [ RunTime:0.000687s ]
INFO: [ app_end ] --START--
INFO: Run Behavior\ShowPageTraceBehavior [ RunTime:0.001116s ]
INFO: [ app_end ] --END-- [ RunTime:0.001176s ]

[ 2017-05-19T22:39:00+08:00 ] ::1 /yxy/index.php/Home/UserInfo/releasesale.html
INFO: [ app_init ] --START--
INFO: Run Behavior\BuildLiteBehavior [ RunTime:0.000015s ]
INFO: [ app_init ] --END-- [ RunTime:0.000495s ]
INFO: [ app_begin ] --START--
INFO: Run Behavior\ReadHtmlCacheBehavior [ RunTime:0.000620s ]
INFO: [ app_begin ] --END-- [ RunTime:0.000686s ]
SQL: SHOW COLUMNS FROM `renting` [ RunTime:0.0071s ]
SQL: INSERT INTO `renting` (`full`,`type`,`image`,`phone`,`addr`,`price`,`area`,`xiang`,`xiu`,`mianji`,`uid`,`style`) VALUES ('chongchong','一室','Property01.jpg','','','0','新区','东','精装修','0','1008','1') [ RunTime:0.0007s ]
INFO: [ view_parse ] --START--
INFO: [ template_filter ] --START--
INFO: Run Behavior\ContentReplaceBehavior [ RunTime:0.000066s ]
INFO: [ template_filter ] --END-- [ RunTime:0.000110s ]
INFO: Run Behavior\ParseTemplateBehavior [ RunTime:0.015258s ]
INFO: [ view_parse ] --END-- [ RunTime:0.015318s ]
INFO: [ view_filter ] --START--
INFO: Run Behavior\WriteHtmlCacheBehavior [ RunTime:0.000706s ]
INFO: [ view_filter ] --END-- [ RunTime:0.000741s ]
INFO: [ app_end ] --START--
INFO: Run Behavior\ShowPageTraceBehavior [ RunTime:0.001068s ]
INFO: [ app_end ] --END-- [ RunTime:0.001118s ]

[ 2017-05-19T22:39:03+08:00 ] ::1 /yxy/index.php/Home/Property/sellers
INFO: [ app_init ] --START--
INFO: Run Behavior\BuildLiteBehavior [ RunTime:0.000012s ]
INFO: [ app_init ] --END-- [ RunTime:0.000404s ]
INFO: [ app_begin ] --START--
INFO: Run Behavior\ReadHtmlCacheBehavior [ RunTime:0.000564s ]
INFO: [ app_begin ] --END-- [ RunTime:0.000608s ]
SQL: SHOW COLUMNS FROM `renting` [ RunTime:0.0206s ]
SQL: SELECT * FROM `renting`  [ RunTime:0.0013s ]
INFO: [ view_parse ] --START--
INFO: [ template_filter ] --START--
INFO: Run Behavior\ContentReplaceBehavior [ RunTime:0.000168s ]
INFO: [ template_filter ] --END-- [ RunTime:0.000265s ]
NOTIC: [8] Undefined index: big D:\www\yxy\Runtime\Cache\Home\4229ff51e1d7dd144608f4860038fd09.php 第 211 行.
NOTIC: [8] Undefined index: avg D:\www\yxy\Runtime\Cache\Home\4229ff51e1d7dd144608f4860038fd09.php 第 215 行.
NOTIC: [8] Undefined index: big D:\www\yxy\Runtime\Cache\Home\4229ff51e1d7dd144608f4860038fd09.php 第 211 行.
NOTIC: [8] Undefined index: avg D:\www\yxy\Runtime\Cache\Home\4229ff51e1d7dd144608f4860038fd09.php 第 215 行.
NOTIC: [8] Undefined index: big D:\www\yxy\Runtime\Cache\Home\4229ff51e1d7dd144608f4860038fd09.php 第 211 行.
NOTIC: [8] Undefined index: avg D:\www\yxy\Runtime\Cache\Home\4229ff51e1d7dd144608f4860038fd09.php 第 215 行.
NOTIC: [8] Undefined index: big D:\www\yxy\Runtime\Cache\Home\4229ff51e1d7dd144608f4860038fd09.php 第 211 行.
NOTIC: [8] Undefined index: avg D:\www\yxy\Runtime\Cache\Home\4229ff51e1d7dd144608f4860038fd09.php 第 215 行.
NOTIC: [8] Undefined index: big D:\www\yxy\Runtime\Cache\Home\4229ff51e1d7dd144608f4860038fd09.php 第 211 行.
NOTIC: [8] Undefined index: avg D:\www\yxy\Runtime\Cache\Home\4229ff51e1d7dd144608f4860038fd09.php 第 215 行.
NOTIC: [8] Undefined index: big D:\www\yxy\Runtime\Cache\Home\4229ff51e1d7dd144608f4860038fd09.php 第 211 行.
NOTIC: [8] Undefined index: avg D:\www\yxy\Runtime\Cache\Home\4229ff51e1d7dd144608f4860038fd09.php 第 215 行.
NOTIC: [8] Undefined index: big D:\www\yxy\Runtime\Cache\Home\4229ff51e1d7dd144608f4860038fd09.php 第 211 行.
NOTIC: [8] Undefined index: avg D:\www\yxy\Runtime\Cache\Home\4229ff51e1d7dd144608f4860038fd09.php 第 215 行.
NOTIC: [8] Undefined index: big D:\www\yxy\Runtime\Cache\Home\4229ff51e1d7dd144608f4860038fd09.php 第 211 行.
NOTIC: [8] Undefined index: avg D:\www\yxy\Runtime\Cache\Home\4229ff51e1d7dd144608f4860038fd09.php 第 215 行.
NOTIC: [8] Undefined index: big D:\www\yxy\Runtime\Cache\Home\4229ff51e1d7dd144608f4860038fd09.php 第 211 行.
NOTIC: [8] Undefined index: avg D:\www\yxy\Runtime\Cache\Home\4229ff51e1d7dd144608f4860038fd09.php 第 215 行.
NOTIC: [8] Undefined index: big D:\www\yxy\Runtime\Cache\Home\4229ff51e1d7dd144608f4860038fd09.php 第 211 行.
NOTIC: [8] Undefined index: avg D:\www\yxy\Runtime\Cache\Home\4229ff51e1d7dd144608f4860038fd09.php 第 215 行.
NOTIC: [8] Undefined index: big D:\www\yxy\Runtime\Cache\Home\4229ff51e1d7dd144608f4860038fd09.php 第 211 行.
NOTIC: [8] Undefined index: avg D:\www\yxy\Runtime\Cache\Home\4229ff51e1d7dd144608f4860038fd09.php 第 215 行.
NOTIC: [8] Undefined index: big D:\www\yxy\Runtime\Cache\Home\4229ff51e1d7dd144608f4860038fd09.php 第 211 行.
NOTIC: [8] Undefined index: avg D:\www\yxy\Runtime\Cache\Home\4229ff51e1d7dd144608f4860038fd09.php 第 215 行.
NOTIC: [8] Undefined index: big D:\www\yxy\Runtime\Cache\Home\4229ff51e1d7dd144608f4860038fd09.php 第 211 行.
NOTIC: [8] Undefined index: avg D:\www\yxy\Runtime\Cache\Home\4229ff51e1d7dd144608f4860038fd09.php 第 215 行.
INFO: Run Behavior\ParseTemplateBehavior [ RunTime:0.031022s ]
INFO: [ view_parse ] --END-- [ RunTime:0.031117s ]
INFO: [ view_filter ] --START--
INFO: Run Behavior\WriteHtmlCacheBehavior [ RunTime:0.001086s ]
INFO: [ view_filter ] --END-- [ RunTime:0.001133s ]
INFO: [ app_end ] --START--
INFO: Run Behavior\ShowPageTraceBehavior [ RunTime:0.001568s ]
INFO: [ app_end ] --END-- [ RunTime:0.001638s ]

[ 2017-05-19T22:39:10+08:00 ] ::1 /yxy/index.php/Home/Property/buy.html
INFO: [ app_init ] --START--
INFO: Run Behavior\BuildLiteBehavior [ RunTime:0.000014s ]
INFO: [ app_init ] --END-- [ RunTime:0.000416s ]
INFO: [ app_begin ] --START--
INFO: Run Behavior\ReadHtmlCacheBehavior [ RunTime:0.000561s ]
INFO: [ app_begin ] --END-- [ RunTime:0.000605s ]
SQL: SHOW COLUMNS FROM `renting` [ RunTime:0.0179s ]
SQL: SELECT * FROM `renting`  [ RunTime:0.0018s ]
INFO: [ view_parse ] --START--
INFO: [ template_filter ] --START--
INFO: Run Behavior\ContentReplaceBehavior [ RunTime:0.000114s ]
INFO: [ template_filter ] --END-- [ RunTime:0.000188s ]
NOTIC: [8] Undefined index: big D:\www\yxy\Runtime\Cache\Home\c6ec0d0eb31934b0d8838fa82e224ffc.php 第 211 行.
NOTIC: [8] Undefined index: avg D:\www\yxy\Runtime\Cache\Home\c6ec0d0eb31934b0d8838fa82e224ffc.php 第 215 行.
NOTIC: [8] Undefined index: big D:\www\yxy\Runtime\Cache\Home\c6ec0d0eb31934b0d8838fa82e224ffc.php 第 211 行.
NOTIC: [8] Undefined index: avg D:\www\yxy\Runtime\Cache\Home\c6ec0d0eb31934b0d8838fa82e224ffc.php 第 215 行.
NOTIC: [8] Undefined index: big D:\www\yxy\Runtime\Cache\Home\c6ec0d0eb31934b0d8838fa82e224ffc.php 第 211 行.
NOTIC: [8] Undefined index: avg D:\www\yxy\Runtime\Cache\Home\c6ec0d0eb31934b0d8838fa82e224ffc.php 第 215 行.
NOTIC: [8] Undefined index: big D:\www\yxy\Runtime\Cache\Home\c6ec0d0eb31934b0d8838fa82e224ffc.php 第 211 行.
NOTIC: [8] Undefined index: avg D:\www\yxy\Runtime\Cache\Home\c6ec0d0eb31934b0d8838fa82e224ffc.php 第 215 行.
NOTIC: [8] Undefined index: big D:\www\yxy\Runtime\Cache\Home\c6ec0d0eb31934b0d8838fa82e224ffc.php 第 211 行.
NOTIC: [8] Undefined index: avg D:\www\yxy\Runtime\Cache\Home\c6ec0d0eb31934b0d8838fa82e224ffc.php 第 215 行.
NOTIC: [8] Undefined index: big D:\www\yxy\Runtime\Cache\Home\c6ec0d0eb31934b0d8838fa82e224ffc.php 第 211 行.
NOTIC: [8] Undefined index: avg D:\www\yxy\Runtime\Cache\Home\c6ec0d0eb31934b0d8838fa82e224ffc.php 第 215 行.
NOTIC: [8] Undefined index: big D:\www\yxy\Runtime\Cache\Home\c6ec0d0eb31934b0d8838fa82e224ffc.php 第 211 行.
NOTIC: [8] Undefined index: avg D:\www\yxy\Runtime\Cache\Home\c6ec0d0eb31934b0d8838fa82e224ffc.php 第 215 行.
NOTIC: [8] Undefined index: big D:\www\yxy\Runtime\Cache\Home\c6ec0d0eb31934b0d8838fa82e224ffc.php 第 211 行.
NOTIC: [8] Undefined index: avg D:\www\yxy\Runtime\Cache\Home\c6ec0d0eb31934b0d8838fa82e224ffc.php 第 215 行.
NOTIC: [8] Undefined index: big D:\www\yxy\Runtime\Cache\Home\c6ec0d0eb31934b0d8838fa82e224ffc.php 第 211 行.
NOTIC: [8] Undefined index: avg D:\www\yxy\Runtime\Cache\Home\c6ec0d0eb31934b0d8838fa82e224ffc.php 第 215 行.
NOTIC: [8] Undefined index: big D:\www\yxy\Runtime\Cache\Home\c6ec0d0eb31934b0d8838fa82e224ffc.php 第 211 行.
NOTIC: [8] Undefined index: avg D:\www\yxy\Runtime\Cache\Home\c6ec0d0eb31934b0d8838fa82e224ffc.php 第 215 行.
NOTIC: [8] Undefined index: big D:\www\yxy\Runtime\Cache\Home\c6ec0d0eb31934b0d8838fa82e224ffc.php 第 211 行.
NOTIC: [8] Undefined index: avg D:\www\yxy\Runtime\Cache\Home\c6ec0d0eb31934b0d8838fa82e224ffc.php 第 215 行.
NOTIC: [8] Undefined index: big D:\www\yxy\Runtime\Cache\Home\c6ec0d0eb31934b0d8838fa82e224ffc.php 第 211 行.
NOTIC: [8] Undefined index: avg D:\www\yxy\Runtime\Cache\Home\c6ec0d0eb31934b0d8838fa82e224ffc.php 第 215 行.
NOTIC: [8] Undefined index: big D:\www\yxy\Runtime\Cache\Home\c6ec0d0eb31934b0d8838fa82e224ffc.php 第 211 行.
NOTIC: [8] Undefined index: avg D:\www\yxy\Runtime\Cache\Home\c6ec0d0eb31934b0d8838fa82e224ffc.php 第 215 行.
INFO: Run Behavior\ParseTemplateBehavior [ RunTime:0.028840s ]
INFO: [ view_parse ] --END-- [ RunTime:0.028982s ]
INFO: [ view_filter ] --START--
INFO: Run Behavior\WriteHtmlCacheBehavior [ RunTime:0.001325s ]
INFO: [ view_filter ] --END-- [ RunTime:0.001382s ]
INFO: [ app_end ] --START--
INFO: Run Behavior\ShowPageTraceBehavior [ RunTime:0.002346s ]
INFO: [ app_end ] --END-- [ RunTime:0.002457s ]

[ 2017-05-19T22:39:14+08:00 ] ::1 /yxy/index.php/Home/Property/sellers.html
INFO: [ app_init ] --START--
INFO: Run Behavior\BuildLiteBehavior [ RunTime:0.000023s ]
INFO: [ app_init ] --END-- [ RunTime:0.000534s ]
INFO: [ app_begin ] --START--
INFO: Run Behavior\ReadHtmlCacheBehavior [ RunTime:0.000600s ]
INFO: [ app_begin ] --END-- [ RunTime:0.000655s ]
SQL: SHOW COLUMNS FROM `renting` [ RunTime:0.0093s ]
SQL: SELECT * FROM `renting`  [ RunTime:0.0008s ]
INFO: [ view_parse ] --START--
INFO: [ template_filter ] --START--
INFO: Run Behavior\ContentReplaceBehavior [ RunTime:0.000123s ]
INFO: [ template_filter ] --END-- [ RunTime:0.000201s ]
NOTIC: [8] Undefined index: big D:\www\yxy\Runtime\Cache\Home\4229ff51e1d7dd144608f4860038fd09.php 第 211 行.
NOTIC: [8] Undefined index: avg D:\www\yxy\Runtime\Cache\Home\4229ff51e1d7dd144608f4860038fd09.php 第 215 行.
NOTIC: [8] Undefined index: big D:\www\yxy\Runtime\Cache\Home\4229ff51e1d7dd144608f4860038fd09.php 第 211 行.
NOTIC: [8] Undefined index: avg D:\www\yxy\Runtime\Cache\Home\4229ff51e1d7dd144608f4860038fd09.php 第 215 行.
NOTIC: [8] Undefined index: big D:\www\yxy\Runtime\Cache\Home\4229ff51e1d7dd144608f4860038fd09.php 第 211 行.
NOTIC: [8] Undefined index: avg D:\www\yxy\Runtime\Cache\Home\4229ff51e1d7dd144608f4860038fd09.php 第 215 行.
NOTIC: [8] Undefined index: big D:\www\yxy\Runtime\Cache\Home\4229ff51e1d7dd144608f4860038fd09.php 第 211 行.
NOTIC: [8] Undefined index: avg D:\www\yxy\Runtime\Cache\Home\4229ff51e1d7dd144608f4860038fd09.php 第 215 行.
NOTIC: [8] Undefined index: big D:\www\yxy\Runtime\Cache\Home\4229ff51e1d7dd144608f4860038fd09.php 第 211 行.
NOTIC: [8] Undefined index: avg D:\www\yxy\Runtime\Cache\Home\4229ff51e1d7dd144608f4860038fd09.php 第 215 行.
NOTIC: [8] Undefined index: big D:\www\yxy\Runtime\Cache\Home\4229ff51e1d7dd144608f4860038fd09.php 第 211 行.
NOTIC: [8] Undefined index: avg D:\www\yxy\Runtime\Cache\Home\4229ff51e1d7dd144608f4860038fd09.php 第 215 行.
NOTIC: [8] Undefined index: big D:\www\yxy\Runtime\Cache\Home\4229ff51e1d7dd144608f4860038fd09.php 第 211 行.
NOTIC: [8] Undefined index: avg D:\www\yxy\Runtime\Cache\Home\4229ff51e1d7dd144608f4860038fd09.php 第 215 行.
NOTIC: [8] Undefined index: big D:\www\yxy\Runtime\Cache\Home\4229ff51e1d7dd144608f4860038fd09.php 第 211 行.
NOTIC: [8] Undefined index: avg D:\www\yxy\Runtime\Cache\Home\4229ff51e1d7dd144608f4860038fd09.php 第 215 行.
NOTIC: [8] Undefined index: big D:\www\yxy\Runtime\Cache\Home\4229ff51e1d7dd144608f4860038fd09.php 第 211 行.
NOTIC: [8] Undefined index: avg D:\www\yxy\Runtime\Cache\Home\4229ff51e1d7dd144608f4860038fd09.php 第 215 行.
NOTIC: [8] Undefined index: big D:\www\yxy\Runtime\Cache\Home\4229ff51e1d7dd144608f4860038fd09.php 第 211 行.
NOTIC: [8] Undefined index: avg D:\www\yxy\Runtime\Cache\Home\4229ff51e1d7dd144608f4860038fd09.php 第 215 行.
NOTIC: [8] Undefined index: big D:\www\yxy\Runtime\Cache\Home\4229ff51e1d7dd144608f4860038fd09.php 第 211 行.
NOTIC: [8] Undefined index: avg D:\www\yxy\Runtime\Cache\Home\4229ff51e1d7dd144608f4860038fd09.php 第 215 行.
NOTIC: [8] Undefined index: big D:\www\yxy\Runtime\Cache\Home\4229ff51e1d7dd144608f4860038fd09.php 第 211 行.
NOTIC: [8] Undefined index: avg D:\www\yxy\Runtime\Cache\Home\4229ff51e1d7dd144608f4860038fd09.php 第 215 行.
NOTIC: [8] Undefined index: big D:\www\yxy\Runtime\Cache\Home\4229ff51e1d7dd144608f4860038fd09.php 第 211 行.
NOTIC: [8] Undefined index: avg D:\www\yxy\Runtime\Cache\Home\4229ff51e1d7dd144608f4860038fd09.php 第 215 行.
INFO: Run Behavior\ParseTemplateBehavior [ RunTime:0.024646s ]
INFO: [ view_parse ] --END-- [ RunTime:0.024735s ]
INFO: [ view_filter ] --START--
INFO: Run Behavior\WriteHtmlCacheBehavior [ RunTime:0.001440s ]
INFO: [ view_filter ] --END-- [ RunTime:0.001508s ]
INFO: [ app_end ] --START--
INFO: Run Behavior\ShowPageTraceBehavior [ RunTime:0.002060s ]
INFO: [ app_end ] --END-- [ RunTime:0.002137s ]

[ 2017-05-19T22:39:49+08:00 ] ::1 /yxy/index.php/Home/UserInfo/releasesale.html
INFO: [ app_init ] --START--
INFO: Run Behavior\BuildLiteBehavior [ RunTime:0.000013s ]
INFO: [ app_init ] --END-- [ RunTime:0.000442s ]
INFO: [ app_begin ] --START--
INFO: Run Behavior\ReadHtmlCacheBehavior [ RunTime:0.000568s ]
INFO: [ app_begin ] --END-- [ RunTime:0.000611s ]
INFO: [ view_parse ] --START--
INFO: [ template_filter ] --START--
INFO: Run Behavior\ContentReplaceBehavior [ RunTime:0.000084s ]
INFO: [ template_filter ] --END-- [ RunTime:0.000135s ]
INFO: Run Behavior\ParseTemplateBehavior [ RunTime:0.011707s ]
INFO: [ view_parse ] --END-- [ RunTime:0.011794s ]
INFO: [ view_filter ] --START--
INFO: Run Behavior\WriteHtmlCacheBehavior [ RunTime:0.000768s ]
INFO: [ view_filter ] --END-- [ RunTime:0.000802s ]
INFO: [ app_end ] --START--
INFO: Run Behavior\ShowPageTraceBehavior [ RunTime:0.001329s ]
INFO: [ app_end ] --END-- [ RunTime:0.001423s ]

[ 2017-05-19T22:39:53+08:00 ] ::1 /yxy/index.php/Home/UserInfo/ReleaseRent.html
INFO: [ app_init ] --START--
INFO: Run Behavior\BuildLiteBehavior [ RunTime:0.000016s ]
INFO: [ app_init ] --END-- [ RunTime:0.000472s ]
INFO: [ app_begin ] --START--
INFO: Run Behavior\ReadHtmlCacheBehavior [ RunTime:0.000586s ]
INFO: [ app_begin ] --END-- [ RunTime:0.000639s ]
INFO: [ view_parse ] --START--
INFO: [ template_filter ] --START--
INFO: Run Behavior\ContentReplaceBehavior [ RunTime:0.000088s ]
INFO: [ template_filter ] --END-- [ RunTime:0.000134s ]
INFO: Run Behavior\ParseTemplateBehavior [ RunTime:0.011001s ]
INFO: [ view_parse ] --END-- [ RunTime:0.011043s ]
INFO: [ view_filter ] --START--
INFO: Run Behavior\WriteHtmlCacheBehavior [ RunTime:0.000678s ]
INFO: [ view_filter ] --END-- [ RunTime:0.000706s ]
INFO: [ app_end ] --START--
INFO: Run Behavior\ShowPageTraceBehavior [ RunTime:0.001260s ]
INFO: [ app_end ] --END-- [ RunTime:0.001356s ]

[ 2017-05-19T22:39:55+08:00 ] ::1 /yxy/index.php/Home/UserInfo/ReleaseSale.html
INFO: [ app_init ] --START--
INFO: Run Behavior\BuildLiteBehavior [ RunTime:0.000014s ]
INFO: [ app_init ] --END-- [ RunTime:0.000432s ]
INFO: [ app_begin ] --START--
INFO: Run Behavior\ReadHtmlCacheBehavior [ RunTime:0.000791s ]
INFO: [ app_begin ] --END-- [ RunTime:0.000882s ]
INFO: [ view_parse ] --START--
INFO: [ template_filter ] --START--
INFO: Run Behavior\ContentReplaceBehavior [ RunTime:0.000075s ]
INFO: [ template_filter ] --END-- [ RunTime:0.000128s ]
INFO: Run Behavior\ParseTemplateBehavior [ RunTime:0.010846s ]
INFO: [ view_parse ] --END-- [ RunTime:0.010893s ]
INFO: [ view_filter ] --START--
INFO: Run Behavior\WriteHtmlCacheBehavior [ RunTime:0.000765s ]
INFO: [ view_filter ] --END-- [ RunTime:0.000799s ]
INFO: [ app_end ] --START--
INFO: Run Behavior\ShowPageTraceBehavior [ RunTime:0.001470s ]
INFO: [ app_end ] --END-- [ RunTime:0.001537s ]

[ 2017-05-19T22:39:56+08:00 ] ::1 /yxy/index.php/Home/UserInfo/ReleaseRent.html
INFO: [ app_init ] --START--
INFO: Run Behavior\BuildLiteBehavior [ RunTime:0.000012s ]
INFO: [ app_init ] --END-- [ RunTime:0.000463s ]
INFO: [ app_begin ] --START--
INFO: Run Behavior\ReadHtmlCacheBehavior [ RunTime:0.000787s ]
INFO: [ app_begin ] --END-- [ RunTime:0.000826s ]
INFO: [ view_parse ] --START--
INFO: [ template_filter ] --START--
INFO: Run Behavior\ContentReplaceBehavior [ RunTime:0.000066s ]
INFO: [ template_filter ] --END-- [ RunTime:0.000108s ]
INFO: Run Behavior\ParseTemplateBehavior [ RunTime:0.010133s ]
INFO: [ view_parse ] --END-- [ RunTime:0.010171s ]
INFO: [ view_filter ] --START--
INFO: Run Behavior\WriteHtmlCacheBehavior [ RunTime:0.000755s ]
INFO: [ view_filter ] --END-- [ RunTime:0.000795s ]
INFO: [ app_end ] --START--
INFO: Run Behavior\ShowPageTraceBehavior [ RunTime:0.001463s ]
INFO: [ app_end ] --END-- [ RunTime:0.001530s ]

[ 2017-05-19T22:39:58+08:00 ] ::1 /yxy/index.php/Home/UserInfo/ReleaseSale.html
INFO: [ app_init ] --START--
INFO: Run Behavior\BuildLiteBehavior [ RunTime:0.000014s ]
INFO: [ app_init ] --END-- [ RunTime:0.000420s ]
INFO: [ app_begin ] --START--
INFO: Run Behavior\ReadHtmlCacheBehavior [ RunTime:0.000568s ]
INFO: [ app_begin ] --END-- [ RunTime:0.000610s ]
INFO: [ view_parse ] --START--
INFO: [ template_filter ] --START--
INFO: Run Behavior\ContentReplaceBehavior [ RunTime:0.000083s ]
INFO: [ template_filter ] --END-- [ RunTime:0.000141s ]
INFO: Run Behavior\ParseTemplateBehavior [ RunTime:0.011257s ]
INFO: [ view_parse ] --END-- [ RunTime:0.011305s ]
INFO: [ view_filter ] --START--
INFO: Run Behavior\WriteHtmlCacheBehavior [ RunTime:0.000728s ]
INFO: [ view_filter ] --END-- [ RunTime:0.000759s ]
INFO: [ app_end ] --START--
INFO: Run Behavior\ShowPageTraceBehavior [ RunTime:0.000964s ]
INFO: [ app_end ] --END-- [ RunTime:0.001008s ]

[ 2017-05-19T22:40:55+08:00 ] ::1 /yxy/index.php/Home/UserInfo/ReleaseSale.html
INFO: [ app_init ] --START--
INFO: Run Behavior\BuildLiteBehavior [ RunTime:0.000013s ]
INFO: [ app_init ] --END-- [ RunTime:0.000425s ]
INFO: [ app_begin ] --START--
INFO: Run Behavior\ReadHtmlCacheBehavior [ RunTime:0.000566s ]
INFO: [ app_begin ] --END-- [ RunTime:0.000618s ]
INFO: [ view_parse ] --START--
INFO: [ template_filter ] --START--
INFO: Run Behavior\ContentReplaceBehavior [ RunTime:0.000079s ]
INFO: [ template_filter ] --END-- [ RunTime:0.000128s ]
INFO: Run Behavior\ParseTemplateBehavior [ RunTime:0.011343s ]
INFO: [ view_parse ] --END-- [ RunTime:0.011386s ]
INFO: [ view_filter ] --START--
INFO: Run Behavior\WriteHtmlCacheBehavior [ RunTime:0.000776s ]
INFO: [ view_filter ] --END-- [ RunTime:0.000810s ]
INFO: [ app_end ] --START--
INFO: Run Behavior\ShowPageTraceBehavior [ RunTime:0.001153s ]
INFO: [ app_end ] --END-- [ RunTime:0.001202s ]

[ 2017-05-19T22:40:57+08:00 ] ::1 /yxy/index.php/Home/UserInfo/ReleaseRent.html
INFO: [ app_init ] --START--
INFO: Run Behavior\BuildLiteBehavior [ RunTime:0.000015s ]
INFO: [ app_init ] --END-- [ RunTime:0.000496s ]
INFO: [ app_begin ] --START--
INFO: Run Behavior\ReadHtmlCacheBehavior [ RunTime:0.000570s ]
INFO: [ app_begin ] --END-- [ RunTime:0.000614s ]
INFO: [ view_parse ] --START--
INFO: [ template_filter ] --START--
INFO: Run Behavior\ContentReplaceBehavior [ RunTime:0.000080s ]
INFO: [ template_filter ] --END-- [ RunTime:0.000136s ]
INFO: Run Behavior\ParseTemplateBehavior [ RunTime:0.012914s ]
INFO: [ view_parse ] --END-- [ RunTime:0.012958s ]
INFO: [ view_filter ] --START--
INFO: Run Behavior\WriteHtmlCacheBehavior [ RunTime:0.000679s ]
INFO: [ view_filter ] --END-- [ RunTime:0.000714s ]
INFO: [ app_end ] --START--
INFO: Run Behavior\ShowPageTraceBehavior [ RunTime:0.001058s ]
INFO: [ app_end ] --END-- [ RunTime:0.001136s ]

[ 2017-05-19T22:41:05+08:00 ] ::1 /yxy/index.php/Home/UserInfo/releasesale.html
INFO: [ app_init ] --START--
INFO: Run Behavior\BuildLiteBehavior [ RunTime:0.000015s ]
INFO: [ app_init ] --END-- [ RunTime:0.000643s ]
INFO: [ app_begin ] --START--
INFO: Run Behavior\ReadHtmlCacheBehavior [ RunTime:0.000967s ]
INFO: [ app_begin ] --END-- [ RunTime:0.001036s ]
SQL: SHOW COLUMNS FROM `renting` [ RunTime:0.0099s ]
SQL: INSERT INTO `renting` (`name`,`full`,`type`,`image`,`phone`,`addr`,`price`,`area`,`xiang`,`xiu`,`mianji`,`uid`,`style`) VALUES ('cong','cong','一室','Property01.jpg','','','0','新区','东','精装修','0','1008','1') [ RunTime:0.0006s ]
INFO: [ view_parse ] --START--
INFO: [ template_filter ] --START--
INFO: Run Behavior\ContentReplaceBehavior [ RunTime:0.000100s ]
INFO: [ template_filter ] --END-- [ RunTime:0.000163s ]
INFO: Run Behavior\ParseTemplateBehavior [ RunTime:0.019909s ]
INFO: [ view_parse ] --END-- [ RunTime:0.020016s ]
INFO: [ view_filter ] --START--
INFO: Run Behavior\WriteHtmlCacheBehavior [ RunTime:0.001724s ]
INFO: [ view_filter ] --END-- [ RunTime:0.001789s ]
INFO: [ app_end ] --START--
INFO: Run Behavior\ShowPageTraceBehavior [ RunTime:0.001644s ]
INFO: [ app_end ] --END-- [ RunTime:0.001709s ]

[ 2017-05-19T23:11:59+08:00 ] ::1 /yxy/index.php/Home/UserInfo/releasesale.html
INFO: [ app_init ] --START--
INFO: Run Behavior\BuildLiteBehavior [ RunTime:0.000012s ]
INFO: [ app_init ] --END-- [ RunTime:0.000462s ]
INFO: [ app_begin ] --START--
INFO: Run Behavior\ReadHtmlCacheBehavior [ RunTime:0.001001s ]
INFO: [ app_begin ] --END-- [ RunTime:0.001052s ]
SQL: SHOW COLUMNS FROM `renting` [ RunTime:0.0183s ]
SQL: INSERT INTO `renting` (`name`,`full`,`type`,`image`,`phone`,`addr`,`price`,`area`,`xiang`,`xiu`,`mianji`,`uid`,`style`) VALUES ('cong','cong','一室','Property01.jpg','','','0','新区','东','精装修','0','1008','1') [ RunTime:0.0007s ]
INFO: [ view_parse ] --START--
INFO: [ template_filter ] --START--
INFO: Run Behavior\ContentReplaceBehavior [ RunTime:0.000143s ]
INFO: [ template_filter ] --END-- [ RunTime:0.000229s ]
INFO: Run Behavior\ParseTemplateBehavior [ RunTime:0.022194s ]
INFO: [ view_parse ] --END-- [ RunTime:0.022292s ]
INFO: [ view_filter ] --START--
INFO: Run Behavior\WriteHtmlCacheBehavior [ RunTime:0.001753s ]
INFO: [ view_filter ] --END-- [ RunTime:0.001825s ]
INFO: [ app_end ] --START--
INFO: Run Behavior\ShowPageTraceBehavior [ RunTime:0.002782s ]
INFO: [ app_end ] --END-- [ RunTime:0.002866s ]

