[ 2017-05-14T21:30:03+08:00 ] ::1 /hc/index.php
INFO: [ app_init ] --START--
INFO: Run Behavior\BuildLiteBehavior [ RunTime:0.000025s ]
INFO: [ app_init ] --END-- [ RunTime:0.012043s ]
INFO: [ app_begin ] --START--
INFO: Run Behavior\ReadHtmlCacheBehavior [ RunTime:0.010033s ]
INFO: [ app_begin ] --END-- [ RunTime:0.010108s ]
INFO: [ view_parse ] --START--
INFO: [ template_filter ] --START--
INFO: Run Behavior\ContentReplaceBehavior [ RunTime:0.000305s ]
INFO: [ template_filter ] --END-- [ RunTime:0.000355s ]
INFO: Run Behavior\ParseTemplateBehavior [ RunTime:0.054685s ]
INFO: [ view_parse ] --END-- [ RunTime:0.054757s ]
INFO: [ view_filter ] --START--
INFO: Run Behavior\WriteHtmlCacheBehavior [ RunTime:0.007165s ]
INFO: [ view_filter ] --END-- [ RunTime:0.007211s ]
INFO: [ app_end ] --START--
INFO: Run Behavior\ShowPageTraceBehavior [ RunTime:0.001205s ]
INFO: [ app_end ] --END-- [ RunTime:0.001247s ]

[ 2017-05-14T21:30:04+08:00 ] ::1 /hc/index.php/Home/Index/verifyImg.html
INFO: [ app_init ] --START--
INFO: Run Behavior\BuildLiteBehavior [ RunTime:0.000013s ]
INFO: [ app_init ] --END-- [ RunTime:0.000498s ]
INFO: [ app_begin ] --START--
INFO: Run Behavior\ReadHtmlCacheBehavior [ RunTime:0.001213s ]
INFO: [ app_begin ] --END-- [ RunTime:0.001295s ]
NOTIC: [8] Use of undefined constant fontSize - assumed 'fontSize' D:\www\hc\Home\Controller\IndexController.class.php 第 170 行.
NOTIC: [8] Use of undefined constant imageH - assumed 'imageH' D:\www\hc\Home\Controller\IndexController.class.php 第 171 行.
NOTIC: [8] Use of undefined constant imageW - assumed 'imageW' D:\www\hc\Home\Controller\IndexController.class.php 第 172 行.
NOTIC: [8] Use of undefined constant useCurve - assumed 'useCurve' D:\www\hc\Home\Controller\IndexController.class.php 第 173 行.
NOTIC: [8] Use of undefined constant useNoise - assumed 'useNoise' D:\www\hc\Home\Controller\IndexController.class.php 第 174 行.
NOTIC: [8] Use of undefined constant fontttf - assumed 'fontttf' D:\www\hc\Home\Controller\IndexController.class.php 第 175 行.
NOTIC: [8] Use of undefined constant length - assumed 'length' D:\www\hc\Home\Controller\IndexController.class.php 第 176 行.
INFO: [ app_end ] --START--
INFO: Run Behavior\ShowPageTraceBehavior [ RunTime:0.001106s ]
INFO: [ app_end ] --END-- [ RunTime:0.001178s ]

[ 2017-05-14T21:37:29+08:00 ] ::1 /hc/index.php
INFO: [ app_init ] --START--
INFO: Run Behavior\BuildLiteBehavior [ RunTime:0.000013s ]
INFO: [ app_init ] --END-- [ RunTime:0.000496s ]
INFO: [ app_begin ] --START--
INFO: Run Behavior\ReadHtmlCacheBehavior [ RunTime:0.000782s ]
INFO: [ app_begin ] --END-- [ RunTime:0.000823s ]
INFO: [ view_parse ] --START--
INFO: [ template_filter ] --START--
INFO: Run Behavior\ContentReplaceBehavior [ RunTime:0.000044s ]
INFO: [ template_filter ] --END-- [ RunTime:0.000088s ]
INFO: Run Behavior\ParseTemplateBehavior [ RunTime:0.006488s ]
INFO: [ view_parse ] --END-- [ RunTime:0.006551s ]
INFO: [ view_filter ] --START--
INFO: Run Behavior\WriteHtmlCacheBehavior [ RunTime:0.000693s ]
INFO: [ view_filter ] --END-- [ RunTime:0.000740s ]
INFO: [ app_end ] --START--
INFO: Run Behavior\ShowPageTraceBehavior [ RunTime:0.000787s ]
INFO: [ app_end ] --END-- [ RunTime:0.000825s ]

[ 2017-05-14T21:37:29+08:00 ] ::1 /hc/index.php/Home/Index/verifyImg.html
INFO: [ app_init ] --START--
INFO: Run Behavior\BuildLiteBehavior [ RunTime:0.000015s ]
INFO: [ app_init ] --END-- [ RunTime:0.000365s ]
INFO: [ app_begin ] --START--
INFO: Run Behavior\ReadHtmlCacheBehavior [ RunTime:0.000466s ]
INFO: [ app_begin ] --END-- [ RunTime:0.000503s ]
NOTIC: [8] Use of undefined constant fontSize - assumed 'fontSize' D:\www\hc\Home\Controller\IndexController.class.php 第 170 行.
NOTIC: [8] Use of undefined constant imageH - assumed 'imageH' D:\www\hc\Home\Controller\IndexController.class.php 第 171 行.
NOTIC: [8] Use of undefined constant imageW - assumed 'imageW' D:\www\hc\Home\Controller\IndexController.class.php 第 172 行.
NOTIC: [8] Use of undefined constant useCurve - assumed 'useCurve' D:\www\hc\Home\Controller\IndexController.class.php 第 173 行.
NOTIC: [8] Use of undefined constant useNoise - assumed 'useNoise' D:\www\hc\Home\Controller\IndexController.class.php 第 174 行.
NOTIC: [8] Use of undefined constant fontttf - assumed 'fontttf' D:\www\hc\Home\Controller\IndexController.class.php 第 175 行.
NOTIC: [8] Use of undefined constant length - assumed 'length' D:\www\hc\Home\Controller\IndexController.class.php 第 176 行.
INFO: [ app_end ] --START--
INFO: Run Behavior\ShowPageTraceBehavior [ RunTime:0.000636s ]
INFO: [ app_end ] --END-- [ RunTime:0.000699s ]

