[ 2017-04-10T09:24:14+08:00 ] 127.0.0.1 /hc/index.php
INFO: [ app_init ] --START--
INFO: Run Behavior\BuildLiteBehavior [ RunTime:0.000000s ]
INFO: [ app_init ] --END-- [ RunTime:0.253015s ]
INFO: [ app_begin ] --START--
INFO: Run Behavior\ReadHtmlCacheBehavior [ RunTime:0.017001s ]
INFO: [ app_begin ] --END-- [ RunTime:0.017001s ]
INFO: [ view_parse ] --START--
INFO: [ template_filter ] --START--
INFO: Run Behavior\ContentReplaceBehavior [ RunTime:0.051003s ]
INFO: [ template_filter ] --END-- [ RunTime:0.051003s ]
INFO: Run Behavior\ParseTemplateBehavior [ RunTime:0.310017s ]
INFO: [ view_parse ] --END-- [ RunTime:0.310017s ]
INFO: [ view_filter ] --START--
INFO: Run Behavior\WriteHtmlCacheBehavior [ RunTime:0.058004s ]
INFO: [ view_filter ] --END-- [ RunTime:0.058004s ]
INFO: [ app_end ] --START--
INFO: Run Behavior\ShowPageTraceBehavior [ RunTime:0.043002s ]
INFO: [ app_end ] --END-- [ RunTime:0.043002s ]

[ 2017-04-10T09:24:22+08:00 ] 127.0.0.1 /hc/index.php/Home/Index/verifyImg.html
INFO: [ app_init ] --START--
INFO: Run Behavior\BuildLiteBehavior [ RunTime:0.000000s ]
INFO: [ app_init ] --END-- [ RunTime:0.001001s ]
INFO: [ app_begin ] --START--
INFO: Run Behavior\ReadHtmlCacheBehavior [ RunTime:0.001000s ]
INFO: [ app_begin ] --END-- [ RunTime:0.001000s ]
NOTIC: [8] Use of undefined constant fontSize - assumed 'fontSize' D:\WWW\hc\Home\Controller\IndexController.class.php 第 170 行.
NOTIC: [8] Use of undefined constant imageH - assumed 'imageH' D:\WWW\hc\Home\Controller\IndexController.class.php 第 171 行.
NOTIC: [8] Use of undefined constant imageW - assumed 'imageW' D:\WWW\hc\Home\Controller\IndexController.class.php 第 172 行.
NOTIC: [8] Use of undefined constant useCurve - assumed 'useCurve' D:\WWW\hc\Home\Controller\IndexController.class.php 第 173 行.
NOTIC: [8] Use of undefined constant useNoise - assumed 'useNoise' D:\WWW\hc\Home\Controller\IndexController.class.php 第 174 行.
NOTIC: [8] Use of undefined constant fontttf - assumed 'fontttf' D:\WWW\hc\Home\Controller\IndexController.class.php 第 175 行.
NOTIC: [8] Use of undefined constant length - assumed 'length' D:\WWW\hc\Home\Controller\IndexController.class.php 第 176 行.
INFO: [ app_end ] --START--
INFO: Run Behavior\ShowPageTraceBehavior [ RunTime:0.001000s ]
INFO: [ app_end ] --END-- [ RunTime:0.001000s ]

[ 2017-04-10T11:05:49+08:00 ] 127.0.0.1 /hc/index.php
INFO: [ app_init ] --START--
INFO: Run Behavior\BuildLiteBehavior [ RunTime:0.000000s ]
INFO: [ app_init ] --END-- [ RunTime:0.089005s ]
INFO: [ app_begin ] --START--
INFO: Run Behavior\ReadHtmlCacheBehavior [ RunTime:0.014001s ]
INFO: [ app_begin ] --END-- [ RunTime:0.014001s ]
INFO: [ view_parse ] --START--
INFO: [ template_filter ] --START--
INFO: Run Behavior\ContentReplaceBehavior [ RunTime:0.162009s ]
INFO: [ template_filter ] --END-- [ RunTime:0.162009s ]
INFO: Run Behavior\ParseTemplateBehavior [ RunTime:1.306075s ]
INFO: [ view_parse ] --END-- [ RunTime:1.306075s ]
INFO: [ view_filter ] --START--
INFO: Run Behavior\WriteHtmlCacheBehavior [ RunTime:0.087005s ]
INFO: [ view_filter ] --END-- [ RunTime:0.087005s ]
INFO: [ app_end ] --START--
INFO: Run Behavior\ShowPageTraceBehavior [ RunTime:0.076004s ]
INFO: [ app_end ] --END-- [ RunTime:0.076004s ]

[ 2017-04-10T11:05:52+08:00 ] 127.0.0.1 /hc/index.php/Home/Index/verifyImg.html
INFO: [ app_init ] --START--
INFO: Run Behavior\BuildLiteBehavior [ RunTime:0.000000s ]
INFO: [ app_init ] --END-- [ RunTime:0.001000s ]
INFO: [ app_begin ] --START--
INFO: Run Behavior\ReadHtmlCacheBehavior [ RunTime:0.001000s ]
INFO: [ app_begin ] --END-- [ RunTime:0.001000s ]
NOTIC: [8] Use of undefined constant fontSize - assumed 'fontSize' D:\WWW\hc\Home\Controller\IndexController.class.php 第 170 行.
NOTIC: [8] Use of undefined constant imageH - assumed 'imageH' D:\WWW\hc\Home\Controller\IndexController.class.php 第 171 行.
NOTIC: [8] Use of undefined constant imageW - assumed 'imageW' D:\WWW\hc\Home\Controller\IndexController.class.php 第 172 行.
NOTIC: [8] Use of undefined constant useCurve - assumed 'useCurve' D:\WWW\hc\Home\Controller\IndexController.class.php 第 173 行.
NOTIC: [8] Use of undefined constant useNoise - assumed 'useNoise' D:\WWW\hc\Home\Controller\IndexController.class.php 第 174 行.
NOTIC: [8] Use of undefined constant fontttf - assumed 'fontttf' D:\WWW\hc\Home\Controller\IndexController.class.php 第 175 行.
NOTIC: [8] Use of undefined constant length - assumed 'length' D:\WWW\hc\Home\Controller\IndexController.class.php 第 176 行.
INFO: [ app_end ] --START--
INFO: Run Behavior\ShowPageTraceBehavior [ RunTime:0.000000s ]
INFO: [ app_end ] --END-- [ RunTime:0.000000s ]

